<?xml version="1.0" encoding="UTF-8"?>
<!-- Generated by org.testng.reporters.JUnitReportReporter -->
<testsuite skipped="0" hostname="LNLA0023" name="com.qait.tap.hristest.AutomationQAmaven.TestNgGClass" tests="1" failures="0" timestamp="22 Jun 2018 10:37:39 GMT" time="0.012" errors="0">
  <testcase name="f" time="0.012" classname="com.qait.tap.hristest.AutomationQAmaven.TestNgGClass"/>
</testsuite> <!-- com.qait.tap.hristest.AutomationQAmaven.TestNgGClass -->
