<?xml version="1.0" encoding="UTF-8"?>
<!-- Generated by org.testng.reporters.JUnitReportReporter -->
<testsuite skipped="0" hostname="LNLA0023" name="com.qait.tap.hristest.AutomationQAmaven.NewTest" tests="5" failures="0" timestamp="05 Jul 2018 12:17:11 GMT" time="2.874" errors="0">
  <testcase name="LaunchBrowser" time="0.171" classname="com.qait.tap.hristest.AutomationQAmaven.NewTest"/>
  <testcase name="CheckGreenBox" time="0.247" classname="com.qait.tap.hristest.AutomationQAmaven.NewTest"/>
  <testcase name="ColorChangeTest" time="0.704" classname="com.qait.tap.hristest.AutomationQAmaven.NewTest"/>
  <testcase name="DragingTest" time="0.264" classname="com.qait.tap.hristest.AutomationQAmaven.NewTest"/>
  <testcase name="TestPopUp" time="1.488" classname="com.qait.tap.hristest.AutomationQAmaven.NewTest"/>
</testsuite> <!-- com.qait.tap.hristest.AutomationQAmaven.NewTest -->
