<?xml version="1.0" encoding="UTF-8"?>
<!-- Generated by org.testng.reporters.JUnitReportReporter -->
<testsuite skipped="0" hostname="LNLA0023" name="com.qait.tap.hristest.AutomationQAmaven.TestBing" tests="3" failures="0" timestamp="29 Jun 2018 09:14:43 GMT" time="6.420" errors="0">
  <testcase name="TestInput_Selection" time="3.165" classname="com.qait.tap.hristest.AutomationQAmaven.TestBing"/>
  <testcase name="TestOutput_Selection" time="3.113" classname="com.qait.tap.hristest.AutomationQAmaven.TestBing"/>
  <testcase name="Test_inputText" time="0.142" classname="com.qait.tap.hristest.AutomationQAmaven.TestBing"/>
</testsuite> <!-- com.qait.tap.hristest.AutomationQAmaven.TestBing -->
